#
# A fatal error has been detected by the Java Runtime Environment:
#
#  EXCEPTION_ACCESS_VIOLATION (0xc0000005) at pc=0x000000006606cf80, pid=17560, tid=11172
#
# JRE version: Java(TM) SE Runtime Environment (8.0_60-b27) (build 1.8.0_60-b27)
# Java VM: Java HotSpot(TM) 64-Bit Server VM (25.60-b23 mixed mode windows-amd64 compressed oops)
# Problematic frame:
# V  [jvm.dll+0x4ecf80]
#
# Failed to write core dump. Minidumps are not enabled by default on client versions of Windows
#
# If you would like to submit a bug report, please visit:
#   http://bugreport.java.com/bugreport/crash.jsp
#

---------------  T H R E A D  ---------------

Current thread (0x00000000146ff800):  JavaThread "C2 CompilerThread0" daemon [_thread_in_native, id=11172, stack(0x0000000015d60000,0x0000000015e60000)]

siginfo: ExceptionCode=0xc0000005, reading address 0x000000000000002c

Registers:
RAX=0x0000000019b2ba60, RBX=0x0000000019a12640, RCX=0x0000000000000000, RDX=0x0000000000001c06
RSP=0x0000000015e5c3e8, RBP=0x0000000015e5c4f0, RSI=0x0000000000000001, RDI=0x0000000019a12390
R8 =0x0000000000000002, R9 =0x000000000000000f, R10=0x0000000000000007, R11=0x000000000000001b
R12=0x0000000000000008, R13=0x0000000019b33800, R14=0x0000000000000250, R15=0x0000000000000000
RIP=0x000000006606cf80, EFLAGS=0x0000000000010202

Top of Stack: (sp=0x0000000015e5c3e8)
0x0000000015e5c3e8:   000000006608dabb 00000000000012ef
0x0000000015e5c3f8:   000000001606bd20 000000000000000e
0x0000000015e5c408:   0000000000000025 0000000000001cb9
0x0000000015e5c418:   000000006601a58c 0000000000000000
0x0000000015e5c428:   00000000000c21d0 0000000015e5ee60
0x0000000015e5c438:   0000000000007fe8 0000000000000014
0x0000000015e5c448:   000000001a913680 0000000000000005
0x0000000015e5c458:   0000000000000005 000000006638ad10
0x0000000015e5c468:   0000000500000001 00001c2600000000
0x0000000015e5c478:   0000000015e5c7c0 000000000000000f
0x0000000015e5c488:   0000000017041aa0 0000000000000000
0x0000000015e5c498:   00001c2600000001 0000000015e5c7c0
0x0000000015e5c4a8:   000000000000000f 000000001c120090
0x0000000015e5c4b8:   00000000000012ef 000000001ceddf00
0x0000000015e5c4c8:   0000000017025430 0000000000000000
0x0000000015e5c4d8:   00000000000003d8 0000000017025808 

Instructions: (pc=0x000000006606cf80)
0x000000006606cf60:   01 ff 10 c1 eb 02 03 c3 48 8b 5c 24 30 03 47 18
0x000000006606cf70:   48 83 c4 20 5f c3 cc cc cc cc cc cc cc cc cc cc
0x000000006606cf80:   0f b6 41 2c 24 03 3c 02 75 05 e9 e1 39 fe ff 0f
0x000000006606cf90:   b7 41 2e d1 e8 83 e0 01 c3 cc cc cc cc cc cc cc 


Register to memory mapping:

RAX=0x0000000019b2ba60 is an unknown value
RBX=0x0000000019a12640 is an unknown value
RCX=0x0000000000000000 is an unknown value
RDX=0x0000000000001c06 is an unknown value
RSP=0x0000000015e5c3e8 is pointing into the stack for thread: 0x00000000146ff800
RBP=0x0000000015e5c4f0 is pointing into the stack for thread: 0x00000000146ff800
RSI=0x0000000000000001 is an unknown value
RDI=0x0000000019a12390 is an unknown value
R8 =0x0000000000000002 is an unknown value
R9 =0x000000000000000f is an unknown value
R10=0x0000000000000007 is an unknown value
R11=0x000000000000001b is an unknown value
R12=0x0000000000000008 is an unknown value
R13=0x0000000019b33800 is an unknown value
R14=0x0000000000000250 is an unknown value
R15=0x0000000000000000 is an unknown value


Stack: [0x0000000015d60000,0x0000000015e60000],  sp=0x0000000015e5c3e8,  free space=1008k
Native frames: (J=compiled Java code, j=interpreted, Vv=VM code, C=native code)
V  [jvm.dll+0x4ecf80]


Current CompileTask:
C2:  61917 8347       4       com.sun.crypto.provider.GaloisCounterMode::decryptFinal (256 bytes)


---------------  P R O C E S S  ---------------

Java Threads: ( => current thread )
  0x000000001627c000 JavaThread "Unconstrained build operations Thread 40" [_thread_blocked, id=19228, stack(0x0000000023fa0000,0x00000000240a0000)]
  0x000000001627d800 JavaThread "Unconstrained build operations Thread 39" [_thread_blocked, id=8396, stack(0x0000000023ea0000,0x0000000023fa0000)]
  0x0000000016282800 JavaThread "Unconstrained build operations Thread 38" [_thread_blocked, id=14316, stack(0x0000000023da0000,0x0000000023ea0000)]
  0x0000000016282000 JavaThread "Unconstrained build operations Thread 37" [_thread_blocked, id=18088, stack(0x0000000023ca0000,0x0000000023da0000)]
  0x0000000016281000 JavaThread "Unconstrained build operations Thread 36" [_thread_blocked, id=14324, stack(0x0000000023ba0000,0x0000000023ca0000)]
  0x000000001627f800 JavaThread "Unconstrained build operations Thread 35" [_thread_blocked, id=1640, stack(0x0000000023aa0000,0x0000000023ba0000)]
  0x000000001627c800 JavaThread "Unconstrained build operations Thread 34" [_thread_blocked, id=8408, stack(0x00000000239a0000,0x0000000023aa0000)]
  0x0000000016280800 JavaThread "Unconstrained build operations Thread 33" [_thread_blocked, id=6216, stack(0x00000000238a0000,0x00000000239a0000)]
  0x000000001cb21800 JavaThread "Unconstrained build operations Thread 32" [_thread_blocked, id=13272, stack(0x00000000237a0000,0x00000000238a0000)]
  0x000000001cb20000 JavaThread "Unconstrained build operations Thread 31" [_thread_blocked, id=12480, stack(0x00000000236a0000,0x00000000237a0000)]
  0x000000001cb24000 JavaThread "Unconstrained build operations Thread 30" [_thread_blocked, id=18240, stack(0x00000000235a0000,0x00000000236a0000)]
  0x000000001cb22800 JavaThread "Unconstrained build operations Thread 29" [_thread_blocked, id=15136, stack(0x00000000234a0000,0x00000000235a0000)]
  0x000000001cb25800 JavaThread "Unconstrained build operations Thread 28" [_thread_blocked, id=19192, stack(0x00000000233a0000,0x00000000234a0000)]
  0x000000001cb21000 JavaThread "Unconstrained build operations Thread 27" [_thread_blocked, id=1432, stack(0x00000000232a0000,0x00000000233a0000)]
  0x000000001cb23000 JavaThread "Unconstrained build operations Thread 26" [_thread_blocked, id=15780, stack(0x00000000231a0000,0x00000000232a0000)]
  0x000000001cb24800 JavaThread "Unconstrained build operations Thread 25" [_thread_blocked, id=18740, stack(0x0000000022ea0000,0x0000000022fa0000)]
  0x000000001cb18800 JavaThread "Unconstrained build operations Thread 24" [_thread_blocked, id=5692, stack(0x0000000022da0000,0x0000000022ea0000)]
  0x000000001cb1f800 JavaThread "Unconstrained build operations Thread 23" [_thread_in_native, id=12976, stack(0x0000000022ca0000,0x0000000022da0000)]
  0x000000001cb18000 JavaThread "Unconstrained build operations Thread 22" [_thread_in_native, id=5956, stack(0x0000000022ba0000,0x0000000022ca0000)]
  0x000000001cb1e800 JavaThread "Unconstrained build operations Thread 21" [_thread_in_native, id=6128, stack(0x0000000022aa0000,0x0000000022ba0000)]
  0x000000001cb1e000 JavaThread "Unconstrained build operations Thread 20" [_thread_blocked, id=18536, stack(0x00000000229a0000,0x0000000022aa0000)]
  0x000000001cb1d000 JavaThread "Unconstrained build operations Thread 19" [_thread_blocked, id=16020, stack(0x00000000228a0000,0x00000000229a0000)]
  0x000000001cb17000 JavaThread "Unconstrained build operations Thread 18" [_thread_blocked, id=9600, stack(0x00000000227a0000,0x00000000228a0000)]
  0x000000001cb1c800 JavaThread "Unconstrained build operations Thread 17" [_thread_blocked, id=11652, stack(0x00000000226a0000,0x00000000227a0000)]
  0x000000001cb1b000 JavaThread "Unconstrained build operations Thread 16" [_thread_blocked, id=13944, stack(0x00000000225a0000,0x00000000226a0000)]
  0x000000001cb16800 JavaThread "Unconstrained build operations Thread 15" [_thread_blocked, id=10492, stack(0x00000000224a0000,0x00000000225a0000)]
  0x000000001cb19800 JavaThread "Unconstrained build operations Thread 14" [_thread_blocked, id=18044, stack(0x00000000223a0000,0x00000000224a0000)]
  0x000000001cb1b800 JavaThread "Unconstrained build operations Thread 13" [_thread_blocked, id=2780, stack(0x00000000222a0000,0x00000000223a0000)]
  0x000000001cb1a000 JavaThread "Unconstrained build operations Thread 12" [_thread_blocked, id=17236, stack(0x00000000221a0000,0x00000000222a0000)]
  0x000000001e5ed800 JavaThread "Unconstrained build operations Thread 11" [_thread_blocked, id=11368, stack(0x00000000220a0000,0x00000000221a0000)]
  0x000000001e5ed000 JavaThread "Unconstrained build operations Thread 10" [_thread_blocked, id=17604, stack(0x0000000021fa0000,0x00000000220a0000)]
  0x000000001e5eb800 JavaThread "Unconstrained build operations Thread 9" [_thread_blocked, id=2656, stack(0x0000000021ea0000,0x0000000021fa0000)]
  0x000000001e5ea000 JavaThread "Unconstrained build operations Thread 8" [_thread_blocked, id=18992, stack(0x0000000021da0000,0x0000000021ea0000)]
  0x000000001e5e9000 JavaThread "Unconstrained build operations Thread 7" [_thread_blocked, id=4204, stack(0x0000000021ca0000,0x0000000021da0000)]
  0x000000001e5e7800 JavaThread "Unconstrained build operations Thread 6" [_thread_blocked, id=16400, stack(0x0000000021ba0000,0x0000000021ca0000)]
  0x000000001e5e8800 JavaThread "Unconstrained build operations Thread 5" [_thread_blocked, id=9240, stack(0x0000000021aa0000,0x0000000021ba0000)]
  0x000000001e5ec000 JavaThread "Unconstrained build operations Thread 4" [_thread_blocked, id=17248, stack(0x00000000219a0000,0x0000000021aa0000)]
  0x000000001e5e7000 JavaThread "Unconstrained build operations Thread 3" [_thread_blocked, id=352, stack(0x00000000218a0000,0x00000000219a0000)]
  0x000000001e5ea800 JavaThread "Unconstrained build operations Thread 2" [_thread_in_native, id=18208, stack(0x00000000217a0000,0x00000000218a0000)]
  0x000000001e5df800 JavaThread "Unconstrained build operations" [_thread_blocked, id=11076, stack(0x00000000216a0000,0x00000000217a0000)]
  0x000000001e5e5800 JavaThread "Cache worker for Build Output Cleanup Cache (E:\REACTNATIVE\qrcode\android\.gradle\buildOutputCleanup)" [_thread_blocked, id=15384, stack(0x0000000020ba0000,0x0000000020ca0000)]
  0x000000001e5e6000 JavaThread "Cache worker for dependencies-accessors (E:\REACTNATIVE\qrcode\android\.gradle\7.2\dependencies-accessors)" [_thread_blocked, id=18520, stack(0x00000000208a0000,0x00000000209a0000)]
  0x000000001e5e4000 JavaThread "jar transforms Thread 4" [_thread_blocked, id=9796, stack(0x0000000020ea0000,0x0000000020fa0000)]
  0x000000001e5e1800 JavaThread "jar transforms Thread 3" [_thread_blocked, id=16664, stack(0x00000000205a0000,0x00000000206a0000)]
  0x000000001e5e0000 JavaThread "Cache worker for file content cache (C:\Users\dell\.gradle\caches\7.2\fileContent)" [_thread_blocked, id=12692, stack(0x00000000202a0000,0x00000000203a0000)]
  0x000000001e5e1000 JavaThread "jar transforms Thread 2" [_thread_blocked, id=8964, stack(0x00000000201a0000,0x00000000202a0000)]
  0x000000001e5e4800 JavaThread "jar transforms" [_thread_blocked, id=6464, stack(0x000000001fea0000,0x000000001ffa0000)]
  0x00000000195c9800 JavaThread "Cache worker for execution history cache (C:\Users\dell\.gradle\caches\7.2\executionHistory)" [_thread_blocked, id=19084, stack(0x000000001c020000,0x000000001c120000)]
  0x00000000195cd800 JavaThread "Cache worker for cache directory md-rule (C:\Users\dell\.gradle\caches\7.2\md-rule)" [_thread_blocked, id=10740, stack(0x000000001bf20000,0x000000001c020000)]
  0x00000000195c9000 JavaThread "Cache worker for cache directory md-supplier (C:\Users\dell\.gradle\caches\7.2\md-supplier)" [_thread_blocked, id=14528, stack(0x000000001bc00000,0x000000001bd00000)]
  0x00000000195cc800 JavaThread "Cache worker for checksums cache (E:\REACTNATIVE\qrcode\android\.gradle\checksums)" [_thread_blocked, id=10256, stack(0x000000001a580000,0x000000001a680000)]
  0x00000000195c8000 JavaThread "File watcher consumer" daemon [_thread_blocked, id=8388, stack(0x000000001a480000,0x000000001a580000)]
  0x00000000195cf000 JavaThread "File watcher server" daemon [_thread_in_native, id=18024, stack(0x000000001bb00000,0x000000001bc00000)]
  0x00000000195ca800 JavaThread "Cache worker for file hash cache (E:\REACTNATIVE\qrcode\android\.gradle\7.2\fileHashes)" [_thread_blocked, id=11348, stack(0x000000001e7d0000,0x000000001e8d0000)]
  0x00000000195cc000 JavaThread "Cache worker for file hash cache (C:\Users\dell\.gradle\caches\7.2\fileHashes)" [_thread_blocked, id=13504, stack(0x000000001a680000,0x000000001a780000)]
  0x00000000195ce000 JavaThread "File lock request listener" [_thread_in_native, id=880, stack(0x000000001a380000,0x000000001a480000)]
  0x00000000195cb000 JavaThread "Cache worker for journal cache (C:\Users\dell\.gradle\caches\journal-1)" [_thread_blocked, id=17860, stack(0x000000001a280000,0x000000001a380000)]
  0x0000000017b16800 JavaThread "Daemon client event forwarder" [_thread_blocked, id=15712, stack(0x0000000018fb0000,0x00000000190b0000)]
  0x0000000017b12000 JavaThread "Stdin handler" [_thread_blocked, id=3740, stack(0x0000000018eb0000,0x0000000018fb0000)]
  0x0000000017b0d800 JavaThread "Asynchronous log dispatcher for DefaultDaemonConnection: socket connection from /127.0.0.1:61045 to /127.0.0.1:61046" [_thread_blocked, id=18820, stack(0x0000000018db0000,0x0000000018eb0000)]
  0x0000000017b26800 JavaThread "Daemon worker" [_thread_blocked, id=2508, stack(0x0000000018cb0000,0x0000000018db0000)]
  0x0000000017b0c800 JavaThread "Cancel handler" [_thread_blocked, id=17564, stack(0x0000000018bb0000,0x0000000018cb0000)]
  0x0000000017b0a000 JavaThread "Handler for socket connection from /127.0.0.1:61045 to /127.0.0.1:61046" [_thread_in_native, id=15236, stack(0x0000000018ab0000,0x0000000018bb0000)]
  0x0000000017adb800 JavaThread "Daemon" [_thread_blocked, id=12308, stack(0x00000000189b0000,0x0000000018ab0000)]
  0x0000000017ada800 JavaThread "Daemon periodic checks" [_thread_blocked, id=13724, stack(0x00000000186b0000,0x00000000187b0000)]
  0x0000000017a96000 JavaThread "Incoming local TCP Connector on port 61045" [_thread_in_native, id=10436, stack(0x0000000018470000,0x0000000018570000)]
  0x00000000179a4800 JavaThread "Daemon health stats" [_thread_blocked, id=824, stack(0x0000000017e30000,0x0000000017f30000)]
  0x0000000016068800 JavaThread "Service Thread" daemon [_thread_blocked, id=14784, stack(0x0000000016460000,0x0000000016560000)]
  0x0000000014706000 JavaThread "C1 CompilerThread2" daemon [_thread_blocked, id=11900, stack(0x0000000015f60000,0x0000000016060000)]
  0x0000000014702000 JavaThread "C2 CompilerThread1" daemon [_thread_blocked, id=12720, stack(0x0000000015e60000,0x0000000015f60000)]
=>0x00000000146ff800 JavaThread "C2 CompilerThread0" daemon [_thread_in_native, id=11172, stack(0x0000000015d60000,0x0000000015e60000)]
  0x000000001470c000 JavaThread "Attach Listener" daemon [_thread_blocked, id=14196, stack(0x0000000015c60000,0x0000000015d60000)]
  0x000000001470b000 JavaThread "Signal Dispatcher" daemon [_thread_blocked, id=12828, stack(0x0000000015b60000,0x0000000015c60000)]
  0x0000000003388000 JavaThread "Finalizer" daemon [_thread_blocked, id=19008, stack(0x0000000015960000,0x0000000015a60000)]
  0x000000000337f800 JavaThread "Reference Handler" daemon [_thread_blocked, id=12360, stack(0x0000000015860000,0x0000000015960000)]
  0x000000000315e000 JavaThread "main" [_thread_blocked, id=15184, stack(0x0000000003190000,0x0000000003290000)]

Other Threads:
  0x00000000146c7000 VMThread [stack: 0x0000000015760000,0x0000000015860000] [id=8652]
  0x000000001475d800 WatcherThread [stack: 0x0000000016560000,0x0000000016660000] [id=13796]

VM state:not at safepoint (normal execution)

VM Mutex/Monitor currently owned by a thread: None

Heap:
 PSYoungGen      total 148480K, used 34221K [0x00000000f5580000, 0x0000000100000000, 0x0000000100000000)
  eden space 131584K, 15% used [0x00000000f5580000,0x00000000f69b9440,0x00000000fd600000)
  from space 16896K, 79% used [0x00000000fef80000,0x00000000ffcb2390,0x0000000100000000)
  to   space 21504K, 0% used [0x00000000fd600000,0x00000000fd600000,0x00000000feb00000)
 ParOldGen       total 175104K, used 28589K [0x00000000e0000000, 0x00000000eab00000, 0x00000000f5580000)
  object space 175104K, 16% used [0x00000000e0000000,0x00000000e1beb670,0x00000000eab00000)
 Metaspace       used 52912K, capacity 55523K, committed 55808K, reserved 1097728K
  class space    used 7099K, capacity 7649K, committed 7680K, reserved 1048576K

Card table byte_map: [0x0000000012750000,0x0000000012860000] byte_map_base: 0x0000000012050000

Marking Bits: (ParMarkBitMap*) 0x000000006638a5b0
 Begin Bits: [0x0000000012c60000, 0x0000000013460000)
 End Bits:   [0x0000000013460000, 0x0000000013c60000)

Polling page: 0x0000000003070000

CodeCache: size=245760Kb used=24086Kb max_used=24098Kb free=221673Kb
 bounds [0x0000000003390000, 0x0000000004b40000, 0x0000000012390000]
 total_blobs=8245 nmethods=7456 adapters=700
 compilation: enabled

Compilation events (10 events):
Event: 61.778 Thread 0x0000000014702000 8378       4       java.util.Formatter$FormatSpecifier::print (243 bytes)
Event: 61.789 Thread 0x0000000014702000 nmethod 8378 0x0000000004b2e110 code [0x0000000004b2e620, 0x0000000004b2e9d0]
Event: 61.789 Thread 0x0000000014702000 8379       4       java.util.Formatter$FormatSpecifier::printString (105 bytes)
Event: 61.794 Thread 0x0000000014702000 nmethod 8379 0x0000000004b2c050 code [0x0000000004b2c1c0, 0x0000000004b2c408]
Event: 61.830 Thread 0x0000000014702000 8380       4       org.gradle.internal.serialize.DefaultSerializerRegistry$TaggedTypeSerializer::write (37 bytes)
Event: 61.841 Thread 0x0000000014702000 nmethod 8380 0x0000000004b2d4d0 code [0x0000000004b2d660, 0x0000000004b2da90]
Event: 61.841 Thread 0x0000000014702000 8381       4       java.math.BigDecimal::longCompareMagnitude (40 bytes)
Event: 61.842 Thread 0x0000000014702000 nmethod 8381 0x0000000004a3dc90 code [0x0000000004a3ddc0, 0x0000000004a3de78]
Event: 61.878 Thread 0x0000000014702000 8382   !   4       java.net.AbstractPlainSocketImpl::releaseFD (74 bytes)
Event: 61.880 Thread 0x0000000014702000 nmethod 8382 0x0000000004b2d050 code [0x0000000004b2d180, 0x0000000004b2d3f8]

GC Heap History (10 events):
Event: 12.187 GC heap before
{Heap before GC invocations=8 (full 2):
 PSYoungGen      total 159232K, used 6650K [0x00000000f5580000, 0x0000000100000000, 0x0000000100000000)
  eden space 143872K, 0% used [0x00000000f5580000,0x00000000f5580000,0x00000000fe200000)
  from space 15360K, 43% used [0x00000000ff100000,0x00000000ff77eb50,0x0000000100000000)
  to   space 15360K, 0% used [0x00000000fe200000,0x00000000fe200000,0x00000000ff100000)
 ParOldGen       total 175104K, used 12870K [0x00000000e0000000, 0x00000000eab00000, 0x00000000f5580000)
  object space 175104K, 7% used [0x00000000e0000000,0x00000000e0c91a98,0x00000000eab00000)
 Metaspace       used 34005K, capacity 35401K, committed 35496K, reserved 1079296K
  class space    used 4975K, capacity 5281K, committed 5376K, reserved 1048576K
Event: 12.267 GC heap after
Heap after GC invocations=8 (full 2):
 PSYoungGen      total 159232K, used 0K [0x00000000f5580000, 0x0000000100000000, 0x0000000100000000)
  eden space 143872K, 0% used [0x00000000f5580000,0x00000000f5580000,0x00000000fe200000)
  from space 15360K, 0% used [0x00000000ff100000,0x00000000ff100000,0x0000000100000000)
  to   space 15360K, 0% used [0x00000000fe200000,0x00000000fe200000,0x00000000ff100000)
 ParOldGen       total 175104K, used 13997K [0x00000000e0000000, 0x00000000eab00000, 0x00000000f5580000)
  object space 175104K, 7% used [0x00000000e0000000,0x00000000e0dab7f8,0x00000000eab00000)
 Metaspace       used 34005K, capacity 35401K, committed 35496K, reserved 1079296K
  class space    used 4975K, capacity 5281K, committed 5376K, reserved 1048576K
}
Event: 15.240 GC heap before
{Heap before GC invocations=9 (full 2):
 PSYoungGen      total 159232K, used 143872K [0x00000000f5580000, 0x0000000100000000, 0x0000000100000000)
  eden space 143872K, 100% used [0x00000000f5580000,0x00000000fe200000,0x00000000fe200000)
  from space 15360K, 0% used [0x00000000ff100000,0x00000000ff100000,0x0000000100000000)
  to   space 15360K, 0% used [0x00000000fe200000,0x00000000fe200000,0x00000000ff100000)
 ParOldGen       total 175104K, used 13997K [0x00000000e0000000, 0x00000000eab00000, 0x00000000f5580000)
  object space 175104K, 7% used [0x00000000e0000000,0x00000000e0dab7f8,0x00000000eab00000)
 Metaspace       used 37369K, capacity 38949K, committed 39296K, reserved 1083392K
  class space    used 5312K, capacity 5668K, committed 5760K, reserved 1048576K
Event: 15.271 GC heap after
Heap after GC invocations=9 (full 2):
 PSYoungGen      total 154112K, used 10211K [0x00000000f5580000, 0x00000000fff00000, 0x0000000100000000)
  eden space 143872K, 0% used [0x00000000f5580000,0x00000000f5580000,0x00000000fe200000)
  from space 10240K, 99% used [0x00000000fe200000,0x00000000febf8db0,0x00000000fec00000)
  to   space 14848K, 0% used [0x00000000ff080000,0x00000000ff080000,0x00000000fff00000)
 ParOldGen       total 175104K, used 14005K [0x00000000e0000000, 0x00000000eab00000, 0x00000000f5580000)
  object space 175104K, 7% used [0x00000000e0000000,0x00000000e0dad7f8,0x00000000eab00000)
 Metaspace       used 37369K, capacity 38949K, committed 39296K, reserved 1083392K
  class space    used 5312K, capacity 5668K, committed 5760K, reserved 1048576K
}
Event: 23.374 GC heap before
{Heap before GC invocations=10 (full 2):
 PSYoungGen      total 154112K, used 154083K [0x00000000f5580000, 0x00000000fff00000, 0x0000000100000000)
  eden space 143872K, 100% used [0x00000000f5580000,0x00000000fe200000,0x00000000fe200000)
  from space 10240K, 99% used [0x00000000fe200000,0x00000000febf8db0,0x00000000fec00000)
  to   space 14848K, 0% used [0x00000000ff080000,0x00000000ff080000,0x00000000fff00000)
 ParOldGen       total 175104K, used 14005K [0x00000000e0000000, 0x00000000eab00000, 0x00000000f5580000)
  object space 175104K, 7% used [0x00000000e0000000,0x00000000e0dad7f8,0x00000000eab00000)
 Metaspace       used 41884K, capacity 43969K, committed 44288K, reserved 1087488K
  class space    used 5848K, capacity 6290K, committed 6400K, reserved 1048576K
Event: 23.410 GC heap after
Heap after GC invocations=10 (full 2):
 PSYoungGen      total 155648K, used 14834K [0x00000000f5580000, 0x0000000100000000, 0x0000000100000000)
  eden space 140800K, 0% used [0x00000000f5580000,0x00000000f5580000,0x00000000fdf00000)
  from space 14848K, 99% used [0x00000000ff080000,0x00000000ffefca10,0x00000000fff00000)
  to   space 16896K, 0% used [0x00000000fdf00000,0x00000000fdf00000,0x00000000fef80000)
 ParOldGen       total 175104K, used 14531K [0x00000000e0000000, 0x00000000eab00000, 0x00000000f5580000)
  object space 175104K, 8% used [0x00000000e0000000,0x00000000e0e30da8,0x00000000eab00000)
 Metaspace       used 41884K, capacity 43969K, committed 44288K, reserved 1087488K
  class space    used 5848K, capacity 6290K, committed 6400K, reserved 1048576K
}
Event: 33.062 GC heap before
{Heap before GC invocations=11 (full 2):
 PSYoungGen      total 155648K, used 155634K [0x00000000f5580000, 0x0000000100000000, 0x0000000100000000)
  eden space 140800K, 100% used [0x00000000f5580000,0x00000000fdf00000,0x00000000fdf00000)
  from space 14848K, 99% used [0x00000000ff080000,0x00000000ffefca10,0x00000000fff00000)
  to   space 16896K, 0% used [0x00000000fdf00000,0x00000000fdf00000,0x00000000fef80000)
 ParOldGen       total 175104K, used 14531K [0x00000000e0000000, 0x00000000eab00000, 0x00000000f5580000)
  object space 175104K, 8% used [0x00000000e0000000,0x00000000e0e30da8,0x00000000eab00000)
 Metaspace       used 51121K, capacity 53563K, committed 53632K, reserved 1095680K
  class space    used 7024K, capacity 7531K, committed 7552K, reserved 1048576K
Event: 33.099 GC heap after
Heap after GC invocations=11 (full 2):
 PSYoungGen      total 157696K, used 16888K [0x00000000f5580000, 0x0000000100000000, 0x0000000100000000)
  eden space 140800K, 0% used [0x00000000f5580000,0x00000000f5580000,0x00000000fdf00000)
  from space 16896K, 99% used [0x00000000fdf00000,0x00000000fef7e238,0x00000000fef80000)
  to   space 16896K, 0% used [0x00000000fef80000,0x00000000fef80000,0x0000000100000000)
 ParOldGen       total 175104K, used 21624K [0x00000000e0000000, 0x00000000eab00000, 0x00000000f5580000)
  object space 175104K, 12% used [0x00000000e0000000,0x00000000e151e008,0x00000000eab00000)
 Metaspace       used 51121K, capacity 53563K, committed 53632K, reserved 1095680K
  class space    used 7024K, capacity 7531K, committed 7552K, reserved 1048576K
}
Event: 61.555 GC heap before
{Heap before GC invocations=12 (full 2):
 PSYoungGen      total 157696K, used 157688K [0x00000000f5580000, 0x0000000100000000, 0x0000000100000000)
  eden space 140800K, 99% used [0x00000000f5580000,0x00000000fdefff70,0x00000000fdf00000)
  from space 16896K, 99% used [0x00000000fdf00000,0x00000000fef7e238,0x00000000fef80000)
  to   space 16896K, 0% used [0x00000000fef80000,0x00000000fef80000,0x0000000100000000)
 ParOldGen       total 175104K, used 21624K [0x00000000e0000000, 0x00000000eab00000, 0x00000000f5580000)
  object space 175104K, 12% used [0x00000000e0000000,0x00000000e151e008,0x00000000eab00000)
 Metaspace       used 52911K, capacity 55523K, committed 55808K, reserved 1097728K
  class space    used 7099K, capacity 7649K, committed 7680K, reserved 1048576K
Event: 61.593 GC heap after
Heap after GC invocations=12 (full 2):
 PSYoungGen      total 148480K, used 13512K [0x00000000f5580000, 0x0000000100000000, 0x0000000100000000)
  eden space 131584K, 0% used [0x00000000f5580000,0x00000000f5580000,0x00000000fd600000)
  from space 16896K, 79% used [0x00000000fef80000,0x00000000ffcb2390,0x0000000100000000)
  to   space 21504K, 0% used [0x00000000fd600000,0x00000000fd600000,0x00000000feb00000)
 ParOldGen       total 175104K, used 28589K [0x00000000e0000000, 0x00000000eab00000, 0x00000000f5580000)
  object space 175104K, 16% used [0x00000000e0000000,0x00000000e1beb670,0x00000000eab00000)
 Metaspace       used 52911K, capacity 55523K, committed 55808K, reserved 1097728K
  class space    used 7099K, capacity 7649K, committed 7680K, reserved 1048576K
}

Deoptimization events (10 events):
Event: 55.112 Thread 0x000000001627f800 Uncommon trap: reason=unstable_if action=reinterpret pc=0x000000000479a0a8 method=com.sun.org.apache.xerces.internal.impl.XMLEntityScanner.skipSpaces()Z @ 75
Event: 56.980 Thread 0x000000001e5df800 Uncommon trap: reason=unstable_if action=reinterpret pc=0x000000000447cf24 method=com.sun.crypto.provider.GaloisCounterMode.increment32([B)V @ 39
Event: 56.980 Thread 0x000000001e5df800 Uncommon trap: reason=unstable_if action=reinterpret pc=0x00000000044379d0 method=com.sun.crypto.provider.GaloisCounterMode.increment32([B)V @ 39
Event: 56.981 Thread 0x000000001e5df800 Uncommon trap: reason=unstable_if action=reinterpret pc=0x000000000443b04c method=com.sun.crypto.provider.GaloisCounterMode.increment32([B)V @ 39
Event: 57.076 Thread 0x000000001cb22800 Uncommon trap: reason=unstable_if action=reinterpret pc=0x00000000043f5d5c method=com.sun.org.apache.xerces.internal.impl.XMLEntityScanner.scanChar()I @ 51
Event: 57.488 Thread 0x000000001cb22800 Uncommon trap: reason=unstable_if action=reinterpret pc=0x000000000373ce0c method=com.sun.org.apache.xerces.internal.impl.XMLEntityScanner.scanLiteral(ILcom/sun/org/apache/xerces/internal/xni/XMLString;)I @ 580
Event: 61.080 Thread 0x0000000017b26800 Uncommon trap: reason=unstable_if action=reinterpret pc=0x0000000004912c60 method=com.esotericsoftware.kryo.io.Output.require(I)Z @ 10
Event: 61.089 Thread 0x0000000017b26800 Uncommon trap: reason=unstable_if action=reinterpret pc=0x00000000044b8b60 method=com.esotericsoftware.kryo.io.Output.require(I)Z @ 10
Event: 61.105 Thread 0x0000000017b26800 Uncommon trap: reason=unstable_if action=reinterpret pc=0x0000000003b43afc method=java.lang.String.lastIndexOf([CII[CIII)I @ 118
Event: 61.116 Thread 0x0000000017b26800 Uncommon trap: reason=unstable_if action=reinterpret pc=0x000000000376c8f4 method=java.lang.String.lastIndexOf([CII[CIII)I @ 118

Internal exceptions (10 events):
Event: 53.418 Thread 0x0000000016281000 Exception <a 'java/net/SocketTimeoutException': Read timed out> (0x00000000f71c3b90) thrown at [C:\re\workspace\8-2-build-windows-amd64-cygwin\jdk8u60\4407\hotspot\src\share\vm\prims\jni.cpp, line 735]
Event: 53.573 Thread 0x000000001e5e8800 Exception <a 'java/net/SocketTimeoutException': Read timed out> (0x00000000fab50f98) thrown at [C:\re\workspace\8-2-build-windows-amd64-cygwin\jdk8u60\4407\hotspot\src\share\vm\prims\jni.cpp, line 735]
Event: 53.573 Thread 0x000000001cb25800 Exception <a 'java/net/SocketTimeoutException': Read timed out> (0x00000000fab75c10) thrown at [C:\re\workspace\8-2-build-windows-amd64-cygwin\jdk8u60\4407\hotspot\src\share\vm\prims\jni.cpp, line 735]
Event: 55.900 Thread 0x000000001627c800 Exception <a 'java/net/SocketTimeoutException': Read timed out> (0x00000000f749eb70) thrown at [C:\re\workspace\8-2-build-windows-amd64-cygwin\jdk8u60\4407\hotspot\src\share\vm\prims\jni.cpp, line 735]
Event: 55.900 Thread 0x0000000016280800 Exception <a 'java/net/SocketTimeoutException': Read timed out> (0x00000000f7566ec8) thrown at [C:\re\workspace\8-2-build-windows-amd64-cygwin\jdk8u60\4407\hotspot\src\share\vm\prims\jni.cpp, line 735]
Event: 56.054 Thread 0x000000001627c800 Exception <a 'java/net/SocketTimeoutException': Read timed out> (0x00000000fb842918) thrown at [C:\re\workspace\8-2-build-windows-amd64-cygwin\jdk8u60\4407\hotspot\src\share\vm\prims\jni.cpp, line 735]
Event: 56.134 Thread 0x0000000017b26800 Exception <a 'java/net/SocketTimeoutException': Read timed out> (0x00000000fb60c580) thrown at [C:\re\workspace\8-2-build-windows-amd64-cygwin\jdk8u60\4407\hotspot\src\share\vm\prims\jni.cpp, line 735]
Event: 61.173 Thread 0x000000001cb18000 Exception <a 'java/net/SocketTimeoutException': Read timed out> (0x00000000f5ea0828) thrown at [C:\re\workspace\8-2-build-windows-amd64-cygwin\jdk8u60\4407\hotspot\src\share\vm\prims\jni.cpp, line 735]
Event: 61.173 Thread 0x000000001cb1f800 Exception <a 'java/net/SocketTimeoutException': Read timed out> (0x00000000fd622ce8) thrown at [C:\re\workspace\8-2-build-windows-amd64-cygwin\jdk8u60\4407\hotspot\src\share\vm\prims\jni.cpp, line 735]
Event: 61.346 Thread 0x000000001cb18000 Exception <a 'java/net/SocketTimeoutException': Read timed out> (0x00000000fd6d1af0) thrown at [C:\re\workspace\8-2-build-windows-amd64-cygwin\jdk8u60\4407\hotspot\src\share\vm\prims\jni.cpp, line 735]

Events (10 events):
Event: 61.333 loading class org/gradle/api/internal/artifacts/DownloadArtifactBuildOperationType
Event: 61.333 loading class org/gradle/api/internal/artifacts/DownloadArtifactBuildOperationType done
Event: 61.333 loading class org/gradle/api/internal/artifacts/DownloadArtifactBuildOperationType$Result
Event: 61.333 loading class org/gradle/api/internal/artifacts/DownloadArtifactBuildOperationType$Result done
Event: 61.334 loading class org/gradle/api/internal/artifacts/DownloadArtifactBuildOperationType$1
Event: 61.334 loading class org/gradle/api/internal/artifacts/DownloadArtifactBuildOperationType$1 done
Event: 61.519 Thread 0x000000001cb18000 DEOPT PACKING pc=0x000000000429f122 sp=0x0000000022c9c900
Event: 61.519 Thread 0x000000001cb18000 DEOPT UNPACKING pc=0x00000000033d787f sp=0x0000000022c9c610 mode 0
Event: 61.555 Executing VM operation: ParallelGCFailedAllocation
Event: 61.593 Executing VM operation: ParallelGCFailedAllocation done


Dynamic libraries:
0x00007ff71d860000 - 0x00007ff71d897000 	C:\Program Files\Java\jdk1.8.0_60\bin\java.exe
0x00007ffe1e7b0000 - 0x00007ffe1e9a5000 	C:\Windows\SYSTEM32\ntdll.dll
0x00007ffe1d6e0000 - 0x00007ffe1d79e000 	C:\Windows\System32\KERNEL32.DLL
0x00007ffe1c170000 - 0x00007ffe1c438000 	C:\Windows\System32\KERNELBASE.dll
0x00007ffe1ded0000 - 0x00007ffe1df7e000 	C:\Windows\System32\ADVAPI32.dll
0x00007ffe1e380000 - 0x00007ffe1e41e000 	C:\Windows\System32\msvcrt.dll
0x00007ffe1dfe0000 - 0x00007ffe1e07c000 	C:\Windows\System32\sechost.dll
0x00007ffe1db10000 - 0x00007ffe1dc35000 	C:\Windows\System32\RPCRT4.dll
0x00007ffe1c800000 - 0x00007ffe1c9a0000 	C:\Windows\System32\USER32.dll
0x00007ffe1bec0000 - 0x00007ffe1bee2000 	C:\Windows\System32\win32u.dll
0x00007ffe1de30000 - 0x00007ffe1de5b000 	C:\Windows\System32\GDI32.dll
0x00007ffe1c060000 - 0x00007ffe1c16d000 	C:\Windows\System32\gdi32full.dll
0x00007ffe1c5d0000 - 0x00007ffe1c66d000 	C:\Windows\System32\msvcp_win.dll
0x00007ffe1bf60000 - 0x00007ffe1c060000 	C:\Windows\System32\ucrtbase.dll
0x00007ffe09a80000 - 0x00007ffe09d1a000 	C:\Windows\WinSxS\amd64_microsoft.windows.common-controls_6595b64144ccf1df_6.0.19041.1110_none_60b5254171f9507e\COMCTL32.dll
0x00007ffe1de00000 - 0x00007ffe1de30000 	C:\Windows\System32\IMM32.DLL
0x0000000066410000 - 0x00000000664e2000 	C:\Program Files\Java\jdk1.8.0_60\jre\bin\msvcr100.dll
0x0000000065b80000 - 0x0000000066409000 	C:\Program Files\Java\jdk1.8.0_60\jre\bin\server\jvm.dll
0x00007ffe1ddf0000 - 0x00007ffe1ddf8000 	C:\Windows\System32\PSAPI.DLL
0x00007ffe10990000 - 0x00007ffe1099a000 	C:\Windows\SYSTEM32\VERSION.dll
0x00007ffe093e0000 - 0x00007ffe09407000 	C:\Windows\SYSTEM32\WINMM.dll
0x00007ffe080a0000 - 0x00007ffe080a9000 	C:\Windows\SYSTEM32\WSOCK32.dll
0x00007ffe1de60000 - 0x00007ffe1decb000 	C:\Windows\System32\WS2_32.dll
0x0000000065b70000 - 0x0000000065b7f000 	C:\Program Files\Java\jdk1.8.0_60\jre\bin\verify.dll
0x0000000065b40000 - 0x0000000065b69000 	C:\Program Files\Java\jdk1.8.0_60\jre\bin\java.dll
0x0000000065b20000 - 0x0000000065b36000 	C:\Program Files\Java\jdk1.8.0_60\jre\bin\zip.dll
0x00007ffe1cf90000 - 0x00007ffe1d6d4000 	C:\Windows\System32\SHELL32.dll
0x00007ffe19f50000 - 0x00007ffe1a6e4000 	C:\Windows\SYSTEM32\windows.storage.dll
0x00007ffe1d7a0000 - 0x00007ffe1daf5000 	C:\Windows\System32\combase.dll
0x00007ffe1b760000 - 0x00007ffe1b78e000 	C:\Windows\SYSTEM32\Wldp.dll
0x00007ffe1e2d0000 - 0x00007ffe1e37d000 	C:\Windows\System32\SHCORE.dll
0x00007ffe1c9a0000 - 0x00007ffe1c9f5000 	C:\Windows\System32\shlwapi.dll
0x00007ffe1be00000 - 0x00007ffe1be1f000 	C:\Windows\SYSTEM32\profapi.dll
0x0000000065b00000 - 0x0000000065b1a000 	C:\Program Files\Java\jdk1.8.0_60\jre\bin\net.dll
0x00007ffe1b540000 - 0x00007ffe1b5aa000 	C:\Windows\system32\mswsock.dll
0x0000000065ae0000 - 0x0000000065af1000 	C:\Program Files\Java\jdk1.8.0_60\jre\bin\nio.dll
0x00007ffe13f00000 - 0x00007ffe13f27000 	C:\Users\dell\.gradle\native\e1d6ef7f7dcc3fd88c89a11ec53ec762bb8ba0a96d01ffa2cd45eb1d1d8dd5c5\windows-amd64\native-platform.dll
0x00007ffde08e0000 - 0x00007ffde0a24000 	C:\Users\dell\.gradle\native\5664cfc778a61ccfe75a443a1ab52a65af34e5dc3c78e0209fed803814484fcb\windows-amd64\native-platform-file-events.dll
0x0000000065ad0000 - 0x0000000065add000 	C:\Program Files\Java\jdk1.8.0_60\jre\bin\management.dll
0x00007ffe1baa0000 - 0x00007ffe1bab8000 	C:\Windows\SYSTEM32\CRYPTSP.dll
0x00007ffe1aee0000 - 0x00007ffe1af14000 	C:\Windows\system32\rsaenh.dll
0x00007ffe1c7d0000 - 0x00007ffe1c7f7000 	C:\Windows\System32\bcrypt.dll
0x00007ffe1bd80000 - 0x00007ffe1bdae000 	C:\Windows\SYSTEM32\USERENV.dll
0x00007ffe1c490000 - 0x00007ffe1c512000 	C:\Windows\System32\bcryptprimitives.dll
0x00007ffe1b6d0000 - 0x00007ffe1b6dc000 	C:\Windows\SYSTEM32\CRYPTBASE.dll
0x00007ffe1b250000 - 0x00007ffe1b28b000 	C:\Windows\SYSTEM32\IPHLPAPI.DLL
0x00007ffe1e080000 - 0x00007ffe1e088000 	C:\Windows\System32\NSI.dll
0x00007ffe104e0000 - 0x00007ffe104f7000 	C:\Windows\SYSTEM32\dhcpcsvc6.DLL
0x00007ffe10d60000 - 0x00007ffe10d7d000 	C:\Windows\SYSTEM32\dhcpcsvc.DLL
0x00007ffe1b290000 - 0x00007ffe1b35b000 	C:\Windows\SYSTEM32\DNSAPI.dll
0x0000000065aa0000 - 0x0000000065ac4000 	C:\Program Files\Java\jdk1.8.0_60\jre\bin\sunec.dll
0x00007ffdff0c0000 - 0x00007ffdff0d7000 	C:\Windows\system32\napinsp.dll
0x00007ffdfed50000 - 0x00007ffdfed6b000 	C:\Windows\system32\pnrpnsp.dll
0x00007ffdfed30000 - 0x00007ffdfed45000 	C:\Windows\system32\wshbth.dll
0x00007ffe174d0000 - 0x00007ffe174ed000 	C:\Windows\system32\NLAapi.dll
0x00007ffdfed10000 - 0x00007ffdfed22000 	C:\Windows\System32\winrnr.dll
0x00007ffe09390000 - 0x00007ffe0939a000 	C:\Windows\System32\rasadhlp.dll
0x00007ffe0a770000 - 0x00007ffe0a7ef000 	C:\Windows\System32\fwpuclnt.dll
0x00007ffe19c20000 - 0x00007ffe19e04000 	C:\Windows\SYSTEM32\dbghelp.dll

VM Arguments:
jvm_args: -XX:MaxMetaspaceSize=256m -XX:+HeapDumpOnOutOfMemoryError -Xms256m -Xmx512m -Dfile.encoding=windows-1252 -Duser.country=US -Duser.language=en -Duser.variant 
java_command: org.gradle.launcher.daemon.bootstrap.GradleDaemon 7.2
java_class_path (initial): C:\Users\dell\.gradle\wrapper\dists\gradle-7.2-all\260hg96vuh6ex27h9vo47iv4d\gradle-7.2\lib\gradle-launcher-7.2.jar
Launcher Type: SUN_STANDARD

Environment Variables:
CLASSPATH=E:\REACTNATIVE\qrcode\android\\gradle\wrapper\gradle-wrapper.jar
PATH=E:\REACTNATIVE\qrcode\android\node_modules\.bin;E:\REACTNATIVE\qrcode\node_modules\.bin;E:\REACTNATIVE\node_modules\.bin;E:\node_modules\.bin;C:\Program Files\nodejs;E:\REACTNATIVE\qrcode\node_modules\.bin;E:\REACTNATIVE\node_modules\.bin;E:\node_modules\.bin;C:\Users\dell\AppData\Roaming\npm\node_modules\npm\node_modules\@npmcli\run-script\lib\node-gyp-bin;C:\Python310\Scripts\;C:\Python310\;C:\Python38\Scripts\;C:\Python38\;C:\Python37-32\Scripts\;C:\Python37-32\;C:\ProgramData\Oracle\Java\javapath;C:\Windows\system32;C:\Windows;C:\Windows\System32\Wbem;C:\Windows\System32\WindowsPowerShell\v1.0\;C:\Windows\System32\OpenSSH\;C:\Program Files (x86)\Yarn\bin\;C:\Program Files\PuTTY\;D:\Program Files\heroku\bin;C:\Program Files\WireGuard\;C:\Program Files\Java\jdk1.8.0_60\bin;C:\ProgramData\ComposerSetup\bin;D:\Symfony;D:\PostgreSQL13\bin;C:\Program Files\Git\cmd;C:\Program Files\nodejs\;C:\ProgramData\chocolatey\bin;C:\Users\dell\AppData\Local\Microsoft\WindowsApps;C:\Program Files\JetBrains\PyCharm 2019.2\bin;;C:\Users\dell\AppData\Local\Yarn\bin;D:\flutter\bin;C:\Program Files\MySQL\MySQL Server 8.0\bin;D:\xampp\php;C:\Users\dell\AppData\Roaming\Composer\vendor\bin;C:\Users\dell\AppData\Local\Programs\Microsoft VS Code;C:\Users\dell\AppData\Local\Programs\Microsoft VS Code\bin;C:\Users\dell\AppData\Roaming\npm;E:\REACTNATIVE\qrcode\node_modules\.bin
USERNAME=dell
OS=Windows_NT
PROCESSOR_IDENTIFIER=Intel64 Family 6 Model 78 Stepping 3, GenuineIntel



---------------  S Y S T E M  ---------------

OS: Windows 10.0 , 64 bit Build 19041 (10.0.19041.1503)

CPU:total 4 (2 cores per cpu, 2 threads per core) family 6 model 78 stepping 3, cmov, cx8, fxsr, mmx, sse, sse2, sse3, ssse3, sse4.1, sse4.2, popcnt, avx, avx2, aes, clmul, erms, 3dnowpref, lzcnt, ht, tsc, tscinvbit, bmi1, bmi2, adx

Memory: 4k page, physical 12366704k(4903192k free), swap 20231024k(11110740k free)

vm_info: Java HotSpot(TM) 64-Bit Server VM (25.60-b23) for windows-amd64 JRE (1.8.0_60-b27), built on Aug  4 2015 11:06:27 by "java_re" with MS VC++ 10.0 (VS2010)

time: Sat Mar 26 11:21:06 2022
elapsed time: 61 seconds (0d 0h 1m 1s)

